p/1668258836910.jpg 1 0 0 160 171
p/1668258826726.jpg 1 0 0 188 178
p/1668258799535.jpg 1 0 0 129 136
p/1668258733841.jpg 1 0 0 248 259
p/1668258722075.jpg 1 0 0 242 246
p/1668258709170.jpg 1 0 0 235 236
p/1668258702693.jpg 1 0 0 199 222
p/1668258693807.jpg 1 0 0 173 171
p/1668258684171.jpg 1 0 0 173 178
p/1668258674818.jpg 1 0 0 162 168
p/1668258635358.jpg 1 0 0 112 103
p/1668258615225.jpg 1 0 0 105 101
p/1668258605744.jpg 1 0 0 109 107
p/1668258545581.jpg 1 0 0 187 209
p/1668258538375.jpg 1 0 0 199 234
p/1668258428017.jpg 1 0 0 240 255
p/1668258422634.jpg 1 0 0 242 255
p/1668258414591.jpg 1 0 0 224 238
p/1668258407714.jpg 1 0 0 209 214
p/1668258345346.jpg 1 0 0 259 218
p/1668258330282.jpg 1 0 0 244 211
p/1668258290630.jpg 1 0 0 248 255
p/1668257786876.jpg 1 0 0 386 402
p/1668257782050.jpg 1 0 0 372 405
p/1668257773142.jpg 1 0 0 378 392
p/1668257767174.jpg 1 0 0 365 411
p/1668257759743.jpg 1 0 0 382 376
p/1668257753228.jpg 1 0 0 376 382
p/1668257744511.jpg 1 0 0 357 374
p/1668257732820.jpg 1 0 0 368 380
p/1668257725040.jpg 1 0 0 372 382
p/1668257716033.jpg 1 0 0 372 370
p/1668257706833.jpg 1 0 0 382 382
p/1668257699848.jpg 1 0 0 370 382
p/1668257692911.jpg 1 0 0 388 374
p/1668257684606.jpg 1 0 0 372 382
p/1668257679092.jpg 1 0 0 394 400
p/1668257674171.jpg 1 0 0 380 390
p/1668257669649.jpg 1 0 0 390 390
p/1668257559319.jpg 1 0 0 372 380
p/1668257545239.jpg 1 0 0 359 386
p/1668257534081.jpg 1 0 0 368 378
p/1668257527674.jpg 1 0 0 368 388
p/1668257515336.jpg 1 0 0 394 396
p/1668257510509.jpg 1 0 0 372 394
p/1668257506009.jpg 1 0 0 374 396
p/1668257500156.jpg 1 0 0 382 384
p/1668257494672.jpg 1 0 0 380 384
p/1668257488423.jpg 1 0 0 370 409
p/1668257482927.jpg 1 0 0 394 402
p/1668257478020.jpg 1 0 0 368 382
p/1668257471944.jpg 1 0 0 365 380
p/1668257466484.jpg 1 0 0 382 384
p/1668257460110.jpg 1 0 0 390 378
p/1668257454179.jpg 1 0 0 415 396
p/1668257447248.jpg 1 0 0 386 384
p/1668257442399.jpg 1 0 0 396 407
p/1668257437375.jpg 1 0 0 394 370
p/1668257431411.jpg 1 0 0 398 359
p/1668257426180.jpg 1 0 0 382 363
p/1668257420925.jpg 1 0 0 382 357
p/1668257416555.jpg 1 0 0 398 363
p/1668257412099.jpg 1 0 0 380 378
p/1668257407151.jpg 1 0 0 376 351
p/1668257394337.jpg 1 0 0 398 343
p/1668257388890.jpg 1 0 0 396 351
p/1668257379271.jpg 1 0 0 396 361
p/1668257371437.jpg 1 0 0 394 365
p/1668257368300.jpg 1 0 0 384 355
p/1668257365003.jpg 1 0 0 384 355
p/1668257358428.jpg 1 0 0 396 376
p/1668257353337.jpg 1 0 0 413 378
p/1668257348127.jpg 1 0 0 407 359
p/1668257342090.jpg 1 0 0 396 368
p/1668257337957.jpg 1 0 0 417 405
p/1668257333084.jpg 1 0 0 407 378
p/1668257327373.jpg 1 0 0 390 359
p/1668257318571.jpg 1 0 0 433 374
p/1668257313285.jpg 1 0 0 433 359
p/1668257308519.jpg 1 0 0 425 365
p/1668257302617.jpg 1 0 0 415 374
p/1668257294825.jpg 1 0 0 400 372
p/1668257288486.jpg 1 0 0 407 405
p/1668257279783.jpg 1 0 0 427 357
p/1668257273761.jpg 1 0 0 433 363
p/1668257268199.jpg 1 0 0 402 357
p/1668257259993.jpg 1 0 0 441 378
p/1668257254684.jpg 1 0 0 425 380
p/1668257249529.jpg 1 0 0 456 386
p/1668257244654.jpg 1 0 0 458 376
p/1668257236404.jpg 1 0 0 466 365
p/1668257225421.jpg 1 0 0 413 361
p/1668257215325.jpg 1 0 0 421 361
p/1668257202281.jpg 1 0 0 433 374
p/1668257192721.jpg 1 0 0 218 216
p/1668257185527.jpg 1 0 0 444 374
p/1668257175568.jpg 1 0 0 450 394
p/1668257167023.jpg 1 0 0 189 216
p/1668257162317.jpg 1 0 0 433 368
p/1668257138062.jpg 1 0 0 446 390